  Source.cpp
C:\Users\KiniG\OneDrive\Pulpit\Studia\Programowanie II\Projekt\ReignsInspiredSFMLGame\ProjectEuropa\Game.h(127,37): warning C4244: "argument": konwersja z "double" do "float", możliwa utrata danych
C:\Users\KiniG\OneDrive\Pulpit\Studia\Programowanie II\Projekt\ReignsInspiredSFMLGame\ProjectEuropa\Game.h(127,21): warning C4244: "argument": konwersja z "double" do "float", możliwa utrata danych
C:\Users\KiniG\OneDrive\Pulpit\Studia\Programowanie II\Projekt\ReignsInspiredSFMLGame\ProjectEuropa\Game.h(143,37): warning C4244: "argument": konwersja z "double" do "float", możliwa utrata danych
C:\Users\KiniG\OneDrive\Pulpit\Studia\Programowanie II\Projekt\ReignsInspiredSFMLGame\ProjectEuropa\Game.h(143,21): warning C4244: "argument": konwersja z "double" do "float", możliwa utrata danych
C:\Users\KiniG\OneDrive\Pulpit\Studia\Programowanie II\Projekt\ReignsInspiredSFMLGame\ProjectEuropa\Source.cpp(10,9): warning C4068: nieznana pragma „setLocale”
C:\Users\KiniG\OneDrive\Pulpit\Studia\Programowanie II\Projekt\ReignsInspiredSFMLGame\ProjectEuropa\Source.cpp(14,27): warning C4091: "extern ": zignorowano na lewo od "gameFlag" podczas gdy brak deklaracji zmiennej
C:\Users\KiniG\OneDrive\Pulpit\Studia\Programowanie II\Projekt\ReignsInspiredSFMLGame\ProjectEuropa\Source.cpp(176,12): warning C4305: "+=": obcięcie z "double" do "float"
C:\Users\KiniG\OneDrive\Pulpit\Studia\Programowanie II\Projekt\ReignsInspiredSFMLGame\ProjectEuropa\Source.cpp(181,72): warning C4244: "argument": konwersja z "double" do "T", możliwa utrata danych
          with
          [
              T=float
          ]
C:\Users\KiniG\OneDrive\Pulpit\Studia\Programowanie II\Projekt\ReignsInspiredSFMLGame\ProjectEuropa\Source.cpp(181,46): warning C4244: "argument": konwersja z "double" do "T", możliwa utrata danych
          with
          [
              T=float
          ]
C:\Users\KiniG\OneDrive\Pulpit\Studia\Programowanie II\Projekt\ReignsInspiredSFMLGame\ProjectEuropa\Source.cpp(205,33): warning C4244: "argument": konwersja z "double" do "float", możliwa utrata danych
C:\Users\KiniG\OneDrive\Pulpit\Studia\Programowanie II\Projekt\ReignsInspiredSFMLGame\ProjectEuropa\Source.cpp(206,36): warning C4244: "argument": konwersja z "double" do "float", możliwa utrata danych
C:\Users\KiniG\OneDrive\Pulpit\Studia\Programowanie II\Projekt\ReignsInspiredSFMLGame\ProjectEuropa\Source.cpp(207,32): warning C4244: "argument": konwersja z "double" do "float", możliwa utrata danych
C:\Users\KiniG\OneDrive\Pulpit\Studia\Programowanie II\Projekt\ReignsInspiredSFMLGame\ProjectEuropa\Source.cpp(319,12): warning C4244: "argument": konwersja z "time_t" do "unsigned int", możliwa utrata danych
  ProjectEuropa.vcxproj -> C:\Users\KiniG\OneDrive\Pulpit\Studia\Programowanie II\Projekt\ReignsInspiredSFMLGame\x64\Debug\ProjectEuropa.exe
